0 info it worked if it ends with ok
1 verbose cli [ '/usr/bin/node', '/usr/bin/npm', 'link' ]
2 info using npm@1.3.24
3 info using node@v0.10.25
4 verbose linkPkg /home/boki/dev/generator-phaser
5 error Error: EACCES, unlink '/usr/lib/node_modules/generator-phaser'
5 error  { [Error: EACCES, unlink '/usr/lib/node_modules/generator-phaser']
5 error   errno: 3,
5 error   code: 'EACCES',
5 error   path: '/usr/lib/node_modules/generator-phaser' }
6 error Please try running this command again as root/Administrator.
7 error System Linux 3.12.9-2-ARCH
8 error command "/usr/bin/node" "/usr/bin/npm" "link"
9 error cwd /home/boki/dev/generator-phaser/app
10 error node -v v0.10.25
11 error npm -v 1.3.24
12 error path /usr/lib/node_modules/generator-phaser
13 error code EACCES
14 error errno 3
15 error stack Error: EACCES, unlink '/usr/lib/node_modules/generator-phaser'
16 verbose exit [ 3, true ]
